<?xml version="1.0" encoding="UTF-8"?>
<!-- Generated by org.testng.reporters.JUnitReportReporter -->
<testsuite hostname="MSI" failures="0" tests="9" name="testrunner.TestRunner" time="116.458" errors="0" timestamp="2024-03-02T17:11:10 IST" skipped="0">
  <testcase classname="testrunner.TestRunner" name="runScenario" time="6.170"/>
  <testcase classname="testrunner.TestRunner" name="runScenario" time="28.684"/>
  <testcase classname="testrunner.TestRunner" name="runScenario" time="15.581"/>
  <testcase classname="testrunner.TestRunner" name="runScenario" time="12.196"/>
  <testcase classname="testrunner.TestRunner" name="runScenario" time="32.138"/>
  <testcase classname="testrunner.TestRunner" name="runScenario" time="6.221"/>
  <testcase classname="testrunner.TestRunner" name="runScenario" time="6.467"/>
  <testcase classname="testrunner.TestRunner" name="runScenario" time="6.634"/>
  <testcase classname="testrunner.TestRunner" name="runScenario" time="2.367"/>
</testsuite> <!-- testrunner.TestRunner -->
